!SESSION 2016-10-10 10:06:55.202 -----------------------------------------------
eclipse.buildId=4.6.1.M20160907-1200
java.version=1.8.0_102
java.vendor=Oracle Corporation
BootLoader constants: OS=macosx, ARCH=x86_64, WS=cocoa, NL=en_US
Framework arguments:  -product org.eclipse.epp.package.jee.product -keyring /Users/calvinhuynh/.eclipse_keyring
Command-line arguments:  -os macosx -ws cocoa -arch x86_64 -product org.eclipse.epp.package.jee.product -keyring /Users/calvinhuynh/.eclipse_keyring

!ENTRY org.eclipse.core.net 1 0 2016-10-10 10:07:40.484
!MESSAGE System property http.nonProxyHosts has been set to local|*.local|169.254/16|*.169.254/16 by an external source. This value will be overwritten using the values from the preferences
!SESSION 2016-10-10 10:09:08.522 -----------------------------------------------
eclipse.buildId=4.6.1.M20160907-1200
java.version=1.8.0_102
java.vendor=Oracle Corporation
BootLoader constants: OS=macosx, ARCH=x86_64, WS=cocoa, NL=en_US
Framework arguments:  -product org.eclipse.epp.package.jee.product -product org.eclipse.epp.package.jee.product -keyring /Users/calvinhuynh/.eclipse_keyring
Command-line arguments:  -os macosx -ws cocoa -arch x86_64 -product org.eclipse.epp.package.jee.product -data file:/Users/calvinhuynh/Documents/workspace/tutorial/ -product org.eclipse.epp.package.jee.product -keyring /Users/calvinhuynh/.eclipse_keyring

!ENTRY org.eclipse.core.net 1 0 2016-10-10 10:09:17.091
!MESSAGE System property http.nonProxyHosts has been set to local|*.local|169.254/16|*.169.254/16 by an external source. This value will be overwritten using the values from the preferences

!ENTRY org.eclipse.epp.mpc.ui 1 2 2016-10-10 10:09:28.876
!MESSAGE Skipping update check for repository 'https://svn.codespot.com/a/eclipselabs.org/mobile-web-development-with-phonegap/tags/r1.2/download' - failed to read repository. Affected entries: 
!STACK 1
org.eclipse.equinox.p2.core.ProvisionException: No repository found at https://svn.codespot.com/a/eclipselabs.org/mobile-web-development-with-phonegap/tags/r1.2/download.
	at org.eclipse.equinox.internal.p2.repository.helpers.AbstractRepositoryManager.fail(AbstractRepositoryManager.java:395)
	at sun.reflect.NativeMethodAccessorImpl.invoke0(Native Method)
	at sun.reflect.NativeMethodAccessorImpl.invoke(NativeMethodAccessorImpl.java:62)
	at sun.reflect.DelegatingMethodAccessorImpl.invoke(DelegatingMethodAccessorImpl.java:43)
	at java.lang.reflect.Method.invoke(Method.java:498)
	at org.eclipse.oomph.util.ReflectUtil.invokeMethod(ReflectUtil.java:116)
	at org.eclipse.oomph.p2.internal.core.CachingRepositoryManager.fail(CachingRepositoryManager.java:330)
	at org.eclipse.oomph.p2.internal.core.CachingRepositoryManager.loadRepository(CachingRepositoryManager.java:233)
	at org.eclipse.oomph.p2.internal.core.CachingRepositoryManager$Metadata.loadRepository(CachingRepositoryManager.java:453)
	at org.eclipse.equinox.internal.p2.metadata.repository.MetadataRepositoryManager.loadRepository(MetadataRepositoryManager.java:96)
	at org.eclipse.equinox.internal.p2.metadata.repository.MetadataRepositoryManager.loadRepository(MetadataRepositoryManager.java:92)
	at org.eclipse.epp.internal.mpc.ui.catalog.MarketplaceCatalog$13.run(MarketplaceCatalog.java:279)
	at java.util.concurrent.Executors$RunnableAdapter.call(Executors.java:511)
	at java.util.concurrent.FutureTask.run(FutureTask.java:266)
	at java.util.concurrent.ThreadPoolExecutor.runWorker(ThreadPoolExecutor.java:1142)
	at java.util.concurrent.ThreadPoolExecutor$Worker.run(ThreadPoolExecutor.java:617)
	at java.lang.Thread.run(Thread.java:745)
!SUBENTRY 1 org.eclipse.equinox.p2.metadata.repository 4 1000 2016-10-10 10:09:28.878
!MESSAGE No repository found at https://svn.codespot.com/a/eclipselabs.org/mobile-web-development-with-phonegap/tags/r1.2/download.
!SUBENTRY 1 org.eclipse.epp.mpc.ui 1 0 2016-10-10 10:09:28.878
!MESSAGE AppLaud PhoneGap for Android with JSLint/JSHint 1.2

!ENTRY org.eclipse.epp.mpc.ui 1 2 2016-10-10 10:10:41.786
!MESSAGE Skipping update check for repository 'https://svn.codespot.com/a/eclipselabs.org/mobile-web-development-with-phonegap/tags/r1.2/download' - failed to read repository. Affected entries: 
!STACK 1
org.eclipse.equinox.p2.core.ProvisionException: No repository found at https://svn.codespot.com/a/eclipselabs.org/mobile-web-development-with-phonegap/tags/r1.2/download.
	at org.eclipse.equinox.internal.p2.repository.helpers.AbstractRepositoryManager.fail(AbstractRepositoryManager.java:395)
	at sun.reflect.NativeMethodAccessorImpl.invoke0(Native Method)
	at sun.reflect.NativeMethodAccessorImpl.invoke(NativeMethodAccessorImpl.java:62)
	at sun.reflect.DelegatingMethodAccessorImpl.invoke(DelegatingMethodAccessorImpl.java:43)
	at java.lang.reflect.Method.invoke(Method.java:498)
	at org.eclipse.oomph.util.ReflectUtil.invokeMethod(ReflectUtil.java:116)
	at org.eclipse.oomph.p2.internal.core.CachingRepositoryManager.fail(CachingRepositoryManager.java:330)
	at org.eclipse.oomph.p2.internal.core.CachingRepositoryManager.loadRepository(CachingRepositoryManager.java:233)
	at org.eclipse.oomph.p2.internal.core.CachingRepositoryManager$Metadata.loadRepository(CachingRepositoryManager.java:453)
	at org.eclipse.equinox.internal.p2.metadata.repository.MetadataRepositoryManager.loadRepository(MetadataRepositoryManager.java:96)
	at org.eclipse.equinox.internal.p2.metadata.repository.MetadataRepositoryManager.loadRepository(MetadataRepositoryManager.java:92)
	at org.eclipse.epp.internal.mpc.ui.catalog.MarketplaceCatalog$13.run(MarketplaceCatalog.java:279)
	at java.util.concurrent.Executors$RunnableAdapter.call(Executors.java:511)
	at java.util.concurrent.FutureTask.run(FutureTask.java:266)
	at java.util.concurrent.ThreadPoolExecutor.runWorker(ThreadPoolExecutor.java:1142)
	at java.util.concurrent.ThreadPoolExecutor$Worker.run(ThreadPoolExecutor.java:617)
	at java.lang.Thread.run(Thread.java:745)
!SUBENTRY 1 org.eclipse.equinox.p2.metadata.repository 4 1000 2016-10-10 10:10:41.787
!MESSAGE No repository found at https://svn.codespot.com/a/eclipselabs.org/mobile-web-development-with-phonegap/tags/r1.2/download.
!SUBENTRY 1 org.eclipse.epp.mpc.ui 1 0 2016-10-10 10:10:41.787
!MESSAGE AppLaud PhoneGap for Android with JSLint/JSHint 1.2
!SESSION 2016-10-10 10:11:14.971 -----------------------------------------------
eclipse.buildId=4.6.1.M20160907-1200
java.version=1.8.0_102
java.vendor=Oracle Corporation
BootLoader constants: OS=macosx, ARCH=x86_64, WS=cocoa, NL=en_US
Framework arguments:  -product org.eclipse.epp.package.jee.product -product org.eclipse.epp.package.jee.product -product org.eclipse.epp.package.jee.product -keyring /Users/calvinhuynh/.eclipse_keyring
Command-line arguments:  -os macosx -ws cocoa -arch x86_64 -product org.eclipse.epp.package.jee.product -product org.eclipse.epp.package.jee.product -data file:/Users/calvinhuynh/Documents/workspace/tutorial/ -product org.eclipse.epp.package.jee.product -keyring /Users/calvinhuynh/.eclipse_keyring

!ENTRY org.eclipse.core.net 1 0 2016-10-10 10:11:24.718
!MESSAGE System property http.nonProxyHosts has been set to local|*.local|169.254/16|*.169.254/16 by an external source. This value will be overwritten using the values from the preferences

!ENTRY org.eclipse.jface.text 2 0 2016-10-10 10:50:57.648
!MESSAGE Duplicate template id: 'org.eclipse.wst.xslt.templates.xpath.number'

!ENTRY org.eclipse.jface.text 2 0 2016-10-10 10:50:57.656
!MESSAGE Duplicate template id: 'org.eclipse.wst.xslt.templates.xpath.round'

!ENTRY org.eclipse.jface.text 2 0 2016-10-10 10:50:57.772
!MESSAGE Duplicate template id: 'org.eclipse.wst.xslt.templates.xpath.number'

!ENTRY org.eclipse.jface.text 2 0 2016-10-10 10:50:57.773
!MESSAGE Duplicate template id: 'org.eclipse.wst.xslt.templates.xpath.round'

!ENTRY org.eclipse.buildship.core 2 0 2016-10-10 10:54:38.536
!MESSAGE Launching Gradle Tests failed due to an error connecting to the Gradle build.
!STACK 0
org.gradle.tooling.TestExecutionException: Could not execute tests using Gradle distribution 'https://services.gradle.org/distributions/gradle-2.14.1-bin.zip'.
	at org.gradle.tooling.internal.consumer.ExceptionTransformer.transform(ExceptionTransformer.java:49)
	at org.gradle.tooling.internal.consumer.ExceptionTransformer.transform(ExceptionTransformer.java:29)
	at org.gradle.tooling.internal.consumer.ResultHandlerAdapter.onFailure(ResultHandlerAdapter.java:41)
	at org.gradle.tooling.internal.consumer.async.DefaultAsyncConsumerActionExecutor$1$1.run(DefaultAsyncConsumerActionExecutor.java:57)
	at org.gradle.internal.concurrent.ExecutorPolicy$CatchAndRecordFailures.onExecute(ExecutorPolicy.java:54)
	at org.gradle.internal.concurrent.StoppableExecutorImpl$1.run(StoppableExecutorImpl.java:40)
	at java.util.concurrent.ThreadPoolExecutor.runWorker(ThreadPoolExecutor.java:1142)
	at java.util.concurrent.ThreadPoolExecutor$Worker.run(ThreadPoolExecutor.java:617)
	at java.lang.Thread.run(Thread.java:745)
	at org.gradle.tooling.internal.consumer.BlockingResultHandler.getResult(BlockingResultHandler.java:46)
	at org.gradle.tooling.internal.consumer.DefaultTestLauncher.run(DefaultTestLauncher.java:106)
	at com.gradleware.tooling.toolingclient.internal.DefaultToolingClient.executeAndWait(DefaultToolingClient.java:161)
	at com.gradleware.tooling.toolingclient.internal.DefaultTestLaunchRequest.executeAndWait(DefaultTestLaunchRequest.java:50)
	at com.gradleware.tooling.toolingclient.internal.DefaultTestLaunchRequest.executeAndWait(DefaultTestLaunchRequest.java:29)
	at org.eclipse.buildship.core.launch.BaseLaunchRequestJob.runToolingApiJob(BaseLaunchRequestJob.java:94)
	at org.eclipse.buildship.core.util.progress.ToolingApiJob$1.run(ToolingApiJob.java:73)
	at org.eclipse.buildship.core.util.progress.ToolingApiInvoker.invoke(ToolingApiInvoker.java:63)
	at org.eclipse.buildship.core.util.progress.ToolingApiJob.run(ToolingApiJob.java:70)
	at org.eclipse.core.internal.jobs.Worker.run(Worker.java:55)
Caused by: org.gradle.api.tasks.testing.TestExecutionException: No matching tests found in any candidate test task.
    Requested tests:
        Test method resources.TestChromeDriver.testGoogleSearch()
	at org.gradle.tooling.internal.provider.runner.TestExecutionResultEvaluator.evaluate(TestExecutionResultEvaluator.java:66)
	at org.gradle.tooling.internal.provider.runner.TestExecutionRequestActionRunner.run(TestExecutionRequestActionRunner.java:45)
	at org.gradle.launcher.exec.ChainingBuildActionRunner.run(ChainingBuildActionRunner.java:35)
	at org.gradle.tooling.internal.provider.runner.SubscribableBuildActionRunner.run(SubscribableBuildActionRunner.java:58)
	at org.gradle.launcher.exec.ChainingBuildActionRunner.run(ChainingBuildActionRunner.java:35)
	at org.gradle.launcher.exec.InProcessBuildActionExecuter.execute(InProcessBuildActionExecuter.java:48)
	at org.gradle.launcher.exec.InProcessBuildActionExecuter.execute(InProcessBuildActionExecuter.java:30)
	at org.gradle.launcher.exec.ContinuousBuildActionExecuter.execute(ContinuousBuildActionExecuter.java:81)
	at org.gradle.launcher.exec.ContinuousBuildActionExecuter.execute(ContinuousBuildActionExecuter.java:46)
	at org.gradle.launcher.daemon.server.exec.ExecuteBuild.doBuild(ExecuteBuild.java:52)
	at org.gradle.launcher.daemon.server.exec.BuildCommandOnly.execute(BuildCommandOnly.java:36)
	at org.gradle.launcher.daemon.server.api.DaemonCommandExecution.proceed(DaemonCommandExecution.java:120)
	at org.gradle.launcher.daemon.server.exec.WatchForDisconnection.execute(WatchForDisconnection.java:37)
	at org.gradle.launcher.daemon.server.api.DaemonCommandExecution.proceed(DaemonCommandExecution.java:120)
	at org.gradle.launcher.daemon.server.exec.ResetDeprecationLogger.execute(ResetDeprecationLogger.java:26)
	at org.gradle.launcher.daemon.server.api.DaemonCommandExecution.proceed(DaemonCommandExecution.java:120)
	at org.gradle.launcher.daemon.server.exec.RequestStopIfSingleUsedDaemon.execute(RequestStopIfSingleUsedDaemon.java:34)
	at org.gradle.launcher.daemon.server.api.DaemonCommandExecution.proceed(DaemonCommandExecution.java:120)
	at org.gradle.launcher.daemon.server.exec.ForwardClientInput$2.call(ForwardClientInput.java:74)
	at org.gradle.launcher.daemon.server.exec.ForwardClientInput$2.call(ForwardClientInput.java:72)
	at org.gradle.util.Swapper.swap(Swapper.java:38)
	at org.gradle.launcher.daemon.server.exec.ForwardClientInput.execute(ForwardClientInput.java:72)
	at org.gradle.launcher.daemon.server.api.DaemonCommandExecution.proceed(DaemonCommandExecution.java:120)
	at org.gradle.launcher.daemon.server.health.DaemonHealthTracker.execute(DaemonHealthTracker.java:47)
	at org.gradle.launcher.daemon.server.api.DaemonCommandExecution.proceed(DaemonCommandExecution.java:120)
	at org.gradle.launcher.daemon.server.exec.LogToClient.doBuild(LogToClient.java:60)
	at org.gradle.launcher.daemon.server.exec.BuildCommandOnly.execute(BuildCommandOnly.java:36)
	at org.gradle.launcher.daemon.server.api.DaemonCommandExecution.proceed(DaemonCommandExecution.java:120)
	at org.gradle.launcher.daemon.server.exec.EstablishBuildEnvironment.doBuild(EstablishBuildEnvironment.java:72)
	at org.gradle.launcher.daemon.server.exec.BuildCommandOnly.execute(BuildCommandOnly.java:36)
	at org.gradle.launcher.daemon.server.api.DaemonCommandExecution.proceed(DaemonCommandExecution.java:120)
	at org.gradle.launcher.daemon.server.health.HintGCAfterBuild.execute(HintGCAfterBuild.java:41)
	at org.gradle.launcher.daemon.server.api.DaemonCommandExecution.proceed(DaemonCommandExecution.java:120)
	at org.gradle.launcher.daemon.server.exec.StartBuildOrRespondWithBusy$1.run(StartBuildOrRespondWithBusy.java:50)
	at org.gradle.launcher.daemon.server.DaemonStateCoordinator$1.run(DaemonStateCoordinator.java:237)
	at org.gradle.internal.concurrent.ExecutorPolicy$CatchAndRecordFailures.onExecute(ExecutorPolicy.java:54)
	at org.gradle.internal.concurrent.StoppableExecutorImpl$1.run(StoppableExecutorImpl.java:40)
	at java.util.concurrent.ThreadPoolExecutor.runWorker(ThreadPoolExecutor.java:1142)
	at java.util.concurrent.ThreadPoolExecutor$Worker.run(ThreadPoolExecutor.java:617)
	at java.lang.Thread.run(Thread.java:745)

!ENTRY org.eclipse.buildship.core 2 0 2016-10-10 11:42:35.940
!MESSAGE Launching Gradle Tests failed due to an error connecting to the Gradle build.
!STACK 0
org.gradle.tooling.TestExecutionException: Could not execute tests using Gradle distribution 'https://services.gradle.org/distributions/gradle-2.14.1-bin.zip'.
	at org.gradle.tooling.internal.consumer.ExceptionTransformer.transform(ExceptionTransformer.java:49)
	at org.gradle.tooling.internal.consumer.ExceptionTransformer.transform(ExceptionTransformer.java:29)
	at org.gradle.tooling.internal.consumer.ResultHandlerAdapter.onFailure(ResultHandlerAdapter.java:41)
	at org.gradle.tooling.internal.consumer.async.DefaultAsyncConsumerActionExecutor$1$1.run(DefaultAsyncConsumerActionExecutor.java:57)
	at org.gradle.internal.concurrent.ExecutorPolicy$CatchAndRecordFailures.onExecute(ExecutorPolicy.java:54)
	at org.gradle.internal.concurrent.StoppableExecutorImpl$1.run(StoppableExecutorImpl.java:40)
	at java.util.concurrent.ThreadPoolExecutor.runWorker(ThreadPoolExecutor.java:1142)
	at java.util.concurrent.ThreadPoolExecutor$Worker.run(ThreadPoolExecutor.java:617)
	at java.lang.Thread.run(Thread.java:745)
	at org.gradle.tooling.internal.consumer.BlockingResultHandler.getResult(BlockingResultHandler.java:46)
	at org.gradle.tooling.internal.consumer.DefaultTestLauncher.run(DefaultTestLauncher.java:106)
	at com.gradleware.tooling.toolingclient.internal.DefaultToolingClient.executeAndWait(DefaultToolingClient.java:161)
	at com.gradleware.tooling.toolingclient.internal.DefaultTestLaunchRequest.executeAndWait(DefaultTestLaunchRequest.java:50)
	at com.gradleware.tooling.toolingclient.internal.DefaultTestLaunchRequest.executeAndWait(DefaultTestLaunchRequest.java:29)
	at org.eclipse.buildship.core.launch.BaseLaunchRequestJob.runToolingApiJob(BaseLaunchRequestJob.java:94)
	at org.eclipse.buildship.core.util.progress.ToolingApiJob$1.run(ToolingApiJob.java:73)
	at org.eclipse.buildship.core.util.progress.ToolingApiInvoker.invoke(ToolingApiInvoker.java:63)
	at org.eclipse.buildship.core.util.progress.ToolingApiJob.run(ToolingApiJob.java:70)
	at org.eclipse.core.internal.jobs.Worker.run(Worker.java:55)
Caused by: org.gradle.api.tasks.testing.TestExecutionException: Test failed.
    Failed tests:
        Test LoginTest#testLogin (Task: :test)
	at org.gradle.tooling.internal.provider.runner.TestExecutionResultEvaluator.evaluate(TestExecutionResultEvaluator.java:74)
	at org.gradle.tooling.internal.provider.runner.TestExecutionRequestActionRunner.run(TestExecutionRequestActionRunner.java:45)
	at org.gradle.launcher.exec.ChainingBuildActionRunner.run(ChainingBuildActionRunner.java:35)
	at org.gradle.tooling.internal.provider.runner.SubscribableBuildActionRunner.run(SubscribableBuildActionRunner.java:58)
	at org.gradle.launcher.exec.ChainingBuildActionRunner.run(ChainingBuildActionRunner.java:35)
	at org.gradle.launcher.exec.InProcessBuildActionExecuter.execute(InProcessBuildActionExecuter.java:48)
	at org.gradle.launcher.exec.InProcessBuildActionExecuter.execute(InProcessBuildActionExecuter.java:30)
	at org.gradle.launcher.exec.ContinuousBuildActionExecuter.execute(ContinuousBuildActionExecuter.java:81)
	at org.gradle.launcher.exec.ContinuousBuildActionExecuter.execute(ContinuousBuildActionExecuter.java:46)
	at org.gradle.launcher.daemon.server.exec.ExecuteBuild.doBuild(ExecuteBuild.java:52)
	at org.gradle.launcher.daemon.server.exec.BuildCommandOnly.execute(BuildCommandOnly.java:36)
	at org.gradle.launcher.daemon.server.api.DaemonCommandExecution.proceed(DaemonCommandExecution.java:120)
	at org.gradle.launcher.daemon.server.exec.WatchForDisconnection.execute(WatchForDisconnection.java:37)
	at org.gradle.launcher.daemon.server.api.DaemonCommandExecution.proceed(DaemonCommandExecution.java:120)
	at org.gradle.launcher.daemon.server.exec.ResetDeprecationLogger.execute(ResetDeprecationLogger.java:26)
	at org.gradle.launcher.daemon.server.api.DaemonCommandExecution.proceed(DaemonCommandExecution.java:120)
	at org.gradle.launcher.daemon.server.exec.RequestStopIfSingleUsedDaemon.execute(RequestStopIfSingleUsedDaemon.java:34)
	at org.gradle.launcher.daemon.server.api.DaemonCommandExecution.proceed(DaemonCommandExecution.java:120)
	at org.gradle.launcher.daemon.server.exec.ForwardClientInput$2.call(ForwardClientInput.java:74)
	at org.gradle.launcher.daemon.server.exec.ForwardClientInput$2.call(ForwardClientInput.java:72)
	at org.gradle.util.Swapper.swap(Swapper.java:38)
	at org.gradle.launcher.daemon.server.exec.ForwardClientInput.execute(ForwardClientInput.java:72)
	at org.gradle.launcher.daemon.server.api.DaemonCommandExecution.proceed(DaemonCommandExecution.java:120)
	at org.gradle.launcher.daemon.server.health.DaemonHealthTracker.execute(DaemonHealthTracker.java:47)
	at org.gradle.launcher.daemon.server.api.DaemonCommandExecution.proceed(DaemonCommandExecution.java:120)
	at org.gradle.launcher.daemon.server.exec.LogToClient.doBuild(LogToClient.java:60)
	at org.gradle.launcher.daemon.server.exec.BuildCommandOnly.execute(BuildCommandOnly.java:36)
	at org.gradle.launcher.daemon.server.api.DaemonCommandExecution.proceed(DaemonCommandExecution.java:120)
	at org.gradle.launcher.daemon.server.exec.EstablishBuildEnvironment.doBuild(EstablishBuildEnvironment.java:72)
	at org.gradle.launcher.daemon.server.exec.BuildCommandOnly.execute(BuildCommandOnly.java:36)
	at org.gradle.launcher.daemon.server.api.DaemonCommandExecution.proceed(DaemonCommandExecution.java:120)
	at org.gradle.launcher.daemon.server.health.HintGCAfterBuild.execute(HintGCAfterBuild.java:41)
	at org.gradle.launcher.daemon.server.api.DaemonCommandExecution.proceed(DaemonCommandExecution.java:120)
	at org.gradle.launcher.daemon.server.exec.StartBuildOrRespondWithBusy$1.run(StartBuildOrRespondWithBusy.java:50)
	at org.gradle.launcher.daemon.server.DaemonStateCoordinator$1.run(DaemonStateCoordinator.java:237)
	at org.gradle.internal.concurrent.ExecutorPolicy$CatchAndRecordFailures.onExecute(ExecutorPolicy.java:54)
	at org.gradle.internal.concurrent.StoppableExecutorImpl$1.run(StoppableExecutorImpl.java:40)
	at java.util.concurrent.ThreadPoolExecutor.runWorker(ThreadPoolExecutor.java:1142)
	at java.util.concurrent.ThreadPoolExecutor$Worker.run(ThreadPoolExecutor.java:617)
	at java.lang.Thread.run(Thread.java:745)

!ENTRY org.eclipse.buildship.core 2 0 2016-10-10 11:49:35.757
!MESSAGE Launching Gradle Tests failed due to an error connecting to the Gradle build.
!STACK 0
org.gradle.tooling.TestExecutionException: Could not execute tests using Gradle distribution 'https://services.gradle.org/distributions/gradle-2.14.1-bin.zip'.
	at org.gradle.tooling.internal.consumer.ExceptionTransformer.transform(ExceptionTransformer.java:49)
	at org.gradle.tooling.internal.consumer.ExceptionTransformer.transform(ExceptionTransformer.java:29)
	at org.gradle.tooling.internal.consumer.ResultHandlerAdapter.onFailure(ResultHandlerAdapter.java:41)
	at org.gradle.tooling.internal.consumer.async.DefaultAsyncConsumerActionExecutor$1$1.run(DefaultAsyncConsumerActionExecutor.java:57)
	at org.gradle.internal.concurrent.ExecutorPolicy$CatchAndRecordFailures.onExecute(ExecutorPolicy.java:54)
	at org.gradle.internal.concurrent.StoppableExecutorImpl$1.run(StoppableExecutorImpl.java:40)
	at java.util.concurrent.ThreadPoolExecutor.runWorker(ThreadPoolExecutor.java:1142)
	at java.util.concurrent.ThreadPoolExecutor$Worker.run(ThreadPoolExecutor.java:617)
	at java.lang.Thread.run(Thread.java:745)
	at org.gradle.tooling.internal.consumer.BlockingResultHandler.getResult(BlockingResultHandler.java:46)
	at org.gradle.tooling.internal.consumer.DefaultTestLauncher.run(DefaultTestLauncher.java:106)
	at com.gradleware.tooling.toolingclient.internal.DefaultToolingClient.executeAndWait(DefaultToolingClient.java:161)
	at com.gradleware.tooling.toolingclient.internal.DefaultTestLaunchRequest.executeAndWait(DefaultTestLaunchRequest.java:50)
	at com.gradleware.tooling.toolingclient.internal.DefaultTestLaunchRequest.executeAndWait(DefaultTestLaunchRequest.java:29)
	at org.eclipse.buildship.core.launch.BaseLaunchRequestJob.runToolingApiJob(BaseLaunchRequestJob.java:94)
	at org.eclipse.buildship.core.util.progress.ToolingApiJob$1.run(ToolingApiJob.java:73)
	at org.eclipse.buildship.core.util.progress.ToolingApiInvoker.invoke(ToolingApiInvoker.java:63)
	at org.eclipse.buildship.core.util.progress.ToolingApiJob.run(ToolingApiJob.java:70)
	at org.eclipse.core.internal.jobs.Worker.run(Worker.java:55)
Caused by: org.gradle.api.tasks.testing.TestExecutionException: Test failed.
    Failed tests:
        Test LoginTest#testLogin (Task: :test)
	at org.gradle.tooling.internal.provider.runner.TestExecutionResultEvaluator.evaluate(TestExecutionResultEvaluator.java:74)
	at org.gradle.tooling.internal.provider.runner.TestExecutionRequestActionRunner.run(TestExecutionRequestActionRunner.java:45)
	at org.gradle.launcher.exec.ChainingBuildActionRunner.run(ChainingBuildActionRunner.java:35)
	at org.gradle.tooling.internal.provider.runner.SubscribableBuildActionRunner.run(SubscribableBuildActionRunner.java:58)
	at org.gradle.launcher.exec.ChainingBuildActionRunner.run(ChainingBuildActionRunner.java:35)
	at org.gradle.launcher.exec.InProcessBuildActionExecuter.execute(InProcessBuildActionExecuter.java:48)
	at org.gradle.launcher.exec.InProcessBuildActionExecuter.execute(InProcessBuildActionExecuter.java:30)
	at org.gradle.launcher.exec.ContinuousBuildActionExecuter.execute(ContinuousBuildActionExecuter.java:81)
	at org.gradle.launcher.exec.ContinuousBuildActionExecuter.execute(ContinuousBuildActionExecuter.java:46)
	at org.gradle.launcher.daemon.server.exec.ExecuteBuild.doBuild(ExecuteBuild.java:52)
	at org.gradle.launcher.daemon.server.exec.BuildCommandOnly.execute(BuildCommandOnly.java:36)
	at org.gradle.launcher.daemon.server.api.DaemonCommandExecution.proceed(DaemonCommandExecution.java:120)
	at org.gradle.launcher.daemon.server.exec.WatchForDisconnection.execute(WatchForDisconnection.java:37)
	at org.gradle.launcher.daemon.server.api.DaemonCommandExecution.proceed(DaemonCommandExecution.java:120)
	at org.gradle.launcher.daemon.server.exec.ResetDeprecationLogger.execute(ResetDeprecationLogger.java:26)
	at org.gradle.launcher.daemon.server.api.DaemonCommandExecution.proceed(DaemonCommandExecution.java:120)
	at org.gradle.launcher.daemon.server.exec.RequestStopIfSingleUsedDaemon.execute(RequestStopIfSingleUsedDaemon.java:34)
	at org.gradle.launcher.daemon.server.api.DaemonCommandExecution.proceed(DaemonCommandExecution.java:120)
	at org.gradle.launcher.daemon.server.exec.ForwardClientInput$2.call(ForwardClientInput.java:74)
	at org.gradle.launcher.daemon.server.exec.ForwardClientInput$2.call(ForwardClientInput.java:72)
	at org.gradle.util.Swapper.swap(Swapper.java:38)
	at org.gradle.launcher.daemon.server.exec.ForwardClientInput.execute(ForwardClientInput.java:72)
	at org.gradle.launcher.daemon.server.api.DaemonCommandExecution.proceed(DaemonCommandExecution.java:120)
	at org.gradle.launcher.daemon.server.health.DaemonHealthTracker.execute(DaemonHealthTracker.java:47)
	at org.gradle.launcher.daemon.server.api.DaemonCommandExecution.proceed(DaemonCommandExecution.java:120)
	at org.gradle.launcher.daemon.server.exec.LogToClient.doBuild(LogToClient.java:60)
	at org.gradle.launcher.daemon.server.exec.BuildCommandOnly.execute(BuildCommandOnly.java:36)
	at org.gradle.launcher.daemon.server.api.DaemonCommandExecution.proceed(DaemonCommandExecution.java:120)
	at org.gradle.launcher.daemon.server.exec.EstablishBuildEnvironment.doBuild(EstablishBuildEnvironment.java:72)
	at org.gradle.launcher.daemon.server.exec.BuildCommandOnly.execute(BuildCommandOnly.java:36)
	at org.gradle.launcher.daemon.server.api.DaemonCommandExecution.proceed(DaemonCommandExecution.java:120)
	at org.gradle.launcher.daemon.server.health.HintGCAfterBuild.execute(HintGCAfterBuild.java:41)
	at org.gradle.launcher.daemon.server.api.DaemonCommandExecution.proceed(DaemonCommandExecution.java:120)
	at org.gradle.launcher.daemon.server.exec.StartBuildOrRespondWithBusy$1.run(StartBuildOrRespondWithBusy.java:50)
	at org.gradle.launcher.daemon.server.DaemonStateCoordinator$1.run(DaemonStateCoordinator.java:237)
	at org.gradle.internal.concurrent.ExecutorPolicy$CatchAndRecordFailures.onExecute(ExecutorPolicy.java:54)
	at org.gradle.internal.concurrent.StoppableExecutorImpl$1.run(StoppableExecutorImpl.java:40)
	at java.util.concurrent.ThreadPoolExecutor.runWorker(ThreadPoolExecutor.java:1142)
	at java.util.concurrent.ThreadPoolExecutor$Worker.run(ThreadPoolExecutor.java:617)
	at java.lang.Thread.run(Thread.java:745)
!SESSION 2016-10-12 09:29:39.084 -----------------------------------------------
eclipse.buildId=4.6.1.M20160907-1200
java.version=1.8.0_102
java.vendor=Oracle Corporation
BootLoader constants: OS=macosx, ARCH=x86_64, WS=cocoa, NL=en_US
Framework arguments:  -product org.eclipse.epp.package.jee.product -keyring /Users/calvinhuynh/.eclipse_keyring
Command-line arguments:  -os macosx -ws cocoa -arch x86_64 -product org.eclipse.epp.package.jee.product -keyring /Users/calvinhuynh/.eclipse_keyring

!ENTRY org.eclipse.core.net 1 0 2016-10-12 09:29:50.011
!MESSAGE System property http.nonProxyHosts has been set to local|*.local|169.254/16|*.169.254/16 by an external source. This value will be overwritten using the values from the preferences

!ENTRY org.eclipse.jface.text 2 0 2016-10-12 09:34:00.083
!MESSAGE Duplicate template id: 'org.eclipse.wst.xslt.templates.xpath.number'

!ENTRY org.eclipse.jface.text 2 0 2016-10-12 09:34:00.091
!MESSAGE Duplicate template id: 'org.eclipse.wst.xslt.templates.xpath.round'

!ENTRY org.eclipse.jface.text 2 0 2016-10-12 10:03:53.365
!MESSAGE Duplicate template id: 'org.eclipse.wst.xslt.templates.xpath.number'

!ENTRY org.eclipse.jface.text 2 0 2016-10-12 10:03:53.367
!MESSAGE Duplicate template id: 'org.eclipse.wst.xslt.templates.xpath.round'
!SESSION 2016-10-18 16:57:42.143 -----------------------------------------------
eclipse.buildId=4.6.1.M20160907-1200
java.version=1.8.0_102
java.vendor=Oracle Corporation
BootLoader constants: OS=macosx, ARCH=x86_64, WS=cocoa, NL=en_US
Framework arguments:  -product org.eclipse.epp.package.jee.product -keyring /Users/calvinhuynh/.eclipse_keyring
Command-line arguments:  -os macosx -ws cocoa -arch x86_64 -product org.eclipse.epp.package.jee.product -keyring /Users/calvinhuynh/.eclipse_keyring

!ENTRY org.eclipse.core.net 1 0 2016-10-18 17:05:54.026
!MESSAGE System property http.nonProxyHosts has been set to local|*.local|169.254/16|*.169.254/16 by an external source. This value will be overwritten using the values from the preferences

!ENTRY org.eclipse.epp.logging.aeri.ide 2 10 2016-10-18 17:11:17.449
!MESSAGE Updating the index from remote ‘https://www.eclipse.org/downloads/download.php?r=1&file=/technology/epp/logging/problems.zip’ failed with exception: java.net.SocketTimeoutException: Read timed out ; version: 2.0.3.v20160905-1331
!STACK 0
org.eclipse.epp.logging.aeri.core.util.Logs$LogTraceException
	at org.eclipse.epp.logging.aeri.core.util.Logs$LogTraceException.newTrace(Logs.java:387)
	at org.eclipse.epp.logging.aeri.core.util.Logs.log(Logs.java:134)
	at org.eclipse.epp.internal.logging.aeri.ide.server.mars.ServerProblemsHistory$UpdateIndexJob.run(ServerProblemsHistory.java:319)
	at org.eclipse.core.internal.jobs.Worker.run(Worker.java:55)
!SESSION 2016-10-19 13:46:19.156 -----------------------------------------------
eclipse.buildId=4.6.1.M20160907-1200
java.version=1.8.0_102
java.vendor=Oracle Corporation
BootLoader constants: OS=macosx, ARCH=x86_64, WS=cocoa, NL=en_US
Framework arguments:  -product org.eclipse.epp.package.jee.product -keyring /Users/calvinhuynh/.eclipse_keyring
Command-line arguments:  -os macosx -ws cocoa -arch x86_64 -product org.eclipse.epp.package.jee.product -keyring /Users/calvinhuynh/.eclipse_keyring

!ENTRY org.eclipse.core.resources 2 10035 2016-10-19 13:46:31.875
!MESSAGE The workspace exited with unsaved changes in the previous session; refreshing workspace to recover changes.

!ENTRY org.eclipse.core.net 1 0 2016-10-19 13:46:33.821
!MESSAGE System property http.nonProxyHosts has been set to local|*.local|169.254/16|*.169.254/16 by an external source. This value will be overwritten using the values from the preferences
!SESSION 2016-10-26 13:48:37.251 -----------------------------------------------
eclipse.buildId=4.6.1.M20160907-1200
java.version=1.8.0_102
java.vendor=Oracle Corporation
BootLoader constants: OS=macosx, ARCH=x86_64, WS=cocoa, NL=en_US
Framework arguments:  -product org.eclipse.epp.package.jee.product -keyring /Users/calvinhuynh/.eclipse_keyring
Command-line arguments:  -os macosx -ws cocoa -arch x86_64 -product org.eclipse.epp.package.jee.product -keyring /Users/calvinhuynh/.eclipse_keyring

!ENTRY org.eclipse.core.net 1 0 2016-10-26 13:48:55.516
!MESSAGE System property http.nonProxyHosts has been set to local|*.local|169.254/16|*.169.254/16 by an external source. This value will be overwritten using the values from the preferences
